ls
ls           lsb_release  lsinitramfs  lslocks      lsmod        lspci
lsattr       lscpu        lsipc        lslogins     lsns         lsusb
lsblk        lsfd         lsirq        lsmem        lsof
$HIST
$HISTCMD         $HISTFILE        $HISTSIZE
$HISTCONTROL     $HISTFILESIZE    $HISTTIMEFORMAT
echo $HISTSIZE
1000
ls -a | grep "^\."
.
..
.bash_history
.bash_logout
.bashrc
.config
.lesshst
.local
.profile
.viminfo
export HISTTIMEFORMAT='%F %T '
date
Mon Jul  7 02:16:43 PM +07 2025
eltex-pg1-v3@eltex-2025-summer-14:16> history | grep date
   65  2025-07-07 12:09:24 date
   67  2025-07-07 12:11:30 cat .bash_history | grep date
   68  2025-07-07 12:11:52 echo .bash_history | grep date
   69  2025-07-07 12:12:06 cat $HISTFILE | grep date
   70  2025-07-07 12:12:48 grep "date" .bash_history
   71  2025-07-07 12:12:59 history | grep date
   78  2025-07-07 12:20:53 man date
  117  2025-07-07 12:59:35 export PS1='\u@\h-$(date +%H:%M)> '
  136  2025-07-07 14:16:43 date
  137  2025-07-07 14:16:52 history | grep date
eltex-pg1-v3@eltex-2025-summer-14:16> grep "date" .bash_history
date
cat .bash_history | grep date
echo .bash_history | grep date
cat $HISTFILE | grep date
grep "date" .bash_history
history | grep date
man date
export PS1='\u@\h-$(date +%H:%M)> '
date
history | grep date
export DATE=$(date +%F)
export TIME=$(date +%T)
echo $DATE
2025-07-07
echo $TIME
14:23:35
export DATE_TIME="$DATE $TIME"
echo $DATE_TIME
2025-07-07 14:23:35
find /usr/bin /usr/sbin -name "*[0-9]*"
/usr/bin/ping4
/usr/bin/pod2html
/usr/bin/python3.11
/usr/bin/ssh-argv0
/usr/bin/c99-gcc
/usr/bin/x86_64-linux-gnu-gcc-ar-12
/usr/bin/base64
/usr/bin/gcov-dump-12
/usr/bin/x86_64-linux-gnu-gcc-ranlib-12
/usr/bin/enc2xs
/usr/bin/x86_64-linux-gnu-gcc
/usr/bin/gcov-tool-12
/usr/bin/x86_64-linux-gnu-gcov-12
/usr/bin/pod2usage
/usr/bin/x86_64-linux-gnu-lto-dump
/usr/bin/x86_64
/usr/bin/x86_64-linux-gnu-objdump
/usr/bin/addr2line
/usr/bin/sha224sum
/usr/bin/py3versions
/usr/bin/linux32
/usr/bin/x86_64-linux-gnu-objcopy
/usr/bin/bzip2
/usr/bin/pdb3
/usr/bin/gcc-12
/usr/bin/x86_64-linux-gnu-readelf
/usr/bin/x86_64-linux-gnu-gcov-dump
/usr/bin/x86_64-linux-gnu-ar
/usr/bin/grub-mkpasswd-pbkdf2
/usr/bin/x86_64-linux-gnu-gcov-tool
/usr/bin/traceroute6.db
/usr/bin/md5sum
/usr/bin/bzip2recover
/usr/bin/grub-menulst2cfg
/usr/bin/x86_64-linux-gnu-cpp-12
/usr/bin/x86_64-linux-gnu-size
/usr/bin/x86_64-linux-gnu-gprofng
/usr/bin/x86_64-linux-gnu-ld
/usr/bin/x86_64-linux-gnu-gprof
/usr/bin/h2xs
/usr/bin/x86_64-linux-gnu-gcc-ranlib
/usr/bin/x86_64-linux-gnu-ranlib
/usr/bin/x86_64-linux-gnu-ld.gold
/usr/bin/x86_64-linux-gnu-as
/usr/bin/x86_64-linux-gnu-gold
/usr/bin/pod2text
/usr/bin/pydoc3
/usr/bin/x86_64-linux-gnu-nm
/usr/bin/x86_64-linux-gnu-elfedit
/usr/bin/x86_64-linux-gnu-strip
/usr/bin/x86_64-linux-gnu-gcc-nm-12
/usr/bin/perl5.36.0
/usr/bin/x86_64-linux-gnu-ld.bfd
/usr/bin/pydoc3.11
/usr/bin/x86_64-linux-gnu-gcov-tool-12
/usr/bin/b2sum
/usr/bin/c89
/usr/bin/lto-dump-12
/usr/bin/x86_64-linux-gnu-cpp
/usr/bin/x86_64-linux-gnu-lto-dump-12
/usr/bin/pod2man
/usr/bin/sha1sum
/usr/bin/c89-gcc
/usr/bin/x86_64-linux-gnu-gcc-nm
/usr/bin/pl2pm
/usr/bin/ping6
/usr/bin/h2ph
/usr/bin/x86_64-linux-gnu-c++filt
/usr/bin/x86_64-linux-gnu-gcc-ar
/usr/bin/sha512sum
/usr/bin/python3
/usr/bin/x86_64-linux-gnu-gcc-12
/usr/bin/gcc-ranlib-12
/usr/bin/x86_64-linux-gnu-gp-display-src
/usr/bin/base32
/usr/bin/pygettext3
/usr/bin/x86_64-linux-gnu-gp-collect-app
/usr/bin/x86_64-linux-gnu-gcov
/usr/bin/cpan5.36-x86_64-linux-gnu
/usr/bin/md5sum.textutils
/usr/bin/x86_64-linux-gnu-gp-archive
/usr/bin/sha384sum
/usr/bin/py3clean
/usr/bin/x86_64-linux-gnu-gcov-dump-12
/usr/bin/pdb3.11
/usr/bin/perl5.36-x86_64-linux-gnu
/usr/bin/c99
/usr/bin/x86_64-linux-gnu-strings
/usr/bin/linux64
/usr/bin/x86_64-linux-gnu-gp-display-html
/usr/bin/pygettext3.11
/usr/bin/systemd-id128
/usr/bin/x86_64-linux-gnu-dwp
/usr/bin/gcov-12
/usr/bin/i386
/usr/bin/bunzip2
/usr/bin/cpp-12
/usr/bin/x86_64-linux-gnu-gp-display-text
/usr/bin/x86_64-linux-gnu-addr2line
/usr/bin/py3compile
/usr/bin/grub-syslinux2cfg
/usr/bin/traceroute6
/usr/bin/diff3
/usr/bin/gcc-nm-12
/usr/bin/gcc-ar-12
/usr/bin/sha256sum
/usr/sbin/dumpe2fs
/usr/sbin/e2fsck
/usr/sbin/mkfs.ext3
/usr/sbin/e2freefrag
/usr/sbin/e2undo
/usr/sbin/e2scrub_all
/usr/sbin/tune2fs
/usr/sbin/e2image
/usr/sbin/e2label
/usr/sbin/e4defrag
/usr/sbin/e2mmpstatus
/usr/sbin/mke2fs
/usr/sbin/mkfs.ext4
/usr/sbin/mkfs.ext2
/usr/sbin/e4crypt
/usr/sbin/killall5
/usr/sbin/fsck.ext3
/usr/sbin/fsck.ext2
/usr/sbin/e2scrub
/usr/sbin/resize2fs
/usr/sbin/fsck.ext4
/usr/sbin/update-grub2
export PS1='\u@\h-$(date +%H:%M)> '
printf '%s\n' 'export PS1='\''\u@\h-$(date +%H:%M)> '\' >> .bashrc
eltex-pg1-v3@eltex-2025-summer-14:45> mkdir -p $(date +%Y)-{01..12}
eltex-pg1-v3@eltex-2025-summer-14:47> ls
2025-01  2025-03  2025-05  2025-07  2025-09  2025-11  eltex-pg1-v3_part.log
2025-02  2025-04  2025-06  2025-08  2025-10  2025-12  report_part1.txt
