mkdir -p D1/D2/D3
ls -R
./D1:
D2

./D1/D2:
D3

./D1/D2/D3:
touch D1/D2/file.txt
echo 'Тестовый текст' >> D1/D2/file.txt
ln -s ~/D1/D2/file.txt ~/D1/D2/D3/symlink
ln ~/D1/D2/file.txt ~/D1/D2/D3/hardlink
ls ~/D1/D2/D3
hardlink
symlink
cat ~/D1/D2/D3/symlink ~/D1/D2/D3/hardlink
Тестовый текст
Тестовый текст
mv ~/D1/D2/file.txt ~/D1/file.txt
cat ~/D1/D2/D3/symlink ~/D1/D2/D3/hardlink
cat: /home/eltex-pg1-v3/D1/D2/D3/symlink: No such file or directory
Тестовый текст

rm -r ~/D1/D2
ls -R
.:
D1
eltex-pg1-v3_part3_gt50M.log
eltex-pg1-v3_part3.log
eltex-pg1-v3_part3.old.log
eltex-pg1-v3_part.log
report_part1.txt

./D1:
file.txt
find / -type f -size +20M -exec du -h {} + 2>/dev/null >> ${USER}_part3_gt50M.new.log
find ~/ -type f -mtime -1 2>/dev/null
/home/eltex-pg1-v3/.lesshst
/home/eltex-pg1-v3/eltex-pg1-v3_part3.log
/home/eltex-pg1-v3/eltex-pg1-v3_part3_gt50M.new.log
/home/eltex-pg1-v3/D1/file.txt
/home/eltex-pg1-v3/.bash_history
which find
/usr/bin/find
file /usr/bin/find
/usr/bin/find: ELF 64-bit LSB pie executable, x86-64, version 1 (SYSV), dynamically linked, interpreter /lib64/ld-linux-x86-64.so.2, BuildID[sha1]=5545a6c7162d325fbe5ffabcbfe4e5521b66ce70, for GNU/Linux 3.2.0, stripped
file /boot/initrd.img*
/boot/initrd.img-6.1.0-27-amd64: ASCII cpio archive (SVR4 with no CRC)
/boot/initrd.img-6.1.0-31-amd64: ASCII cpio archive (SVR4 with no CRC)
/boot/initrd.img-6.1.0-32-amd64: ASCII cpio archive (SVR4 with no CRC)
